<?xml version="1.0"?>
<testsuite name="Chrome 115.0.0.0 (Windows 10)" package="" timestamp="2023-08-16T01:57:43" id="0" hostname="DESKTOP-94FDGB6" tests="39" errors="0" failures="0" time="0.439">
  <properties>
    <property name="browser.fullName" value="Mozilla/5.0 (Windows NT 10.0; Win64; x64) AppleWebKit/537.36 (KHTML, like Gecko) Chrome/115.0.0.0 Safari/537.36"/>
  </properties>
  <testcase name="BarraSuperiorComponent should initialize variables correctly" time="0.045" classname="Chrome_115_0_0_0_(Windows_10).BarraSuperiorComponent"/>
  <testcase name="BarraSuperiorComponent should create" time="0.004" classname="Chrome_115_0_0_0_(Windows_10).BarraSuperiorComponent"/>
  <testcase name="BarraSuperiorComponent should render icons" time="0.004" classname="Chrome_115_0_0_0_(Windows_10).BarraSuperiorComponent"/>
  <testcase name="BarraSuperiorComponent should render the correct title" time="0.003" classname="Chrome_115_0_0_0_(Windows_10).BarraSuperiorComponent"/>
  <testcase name="EstilosComponent should have valid form when formularioValido is true" time="0.028" classname="Chrome_115_0_0_0_(Windows_10).EstilosComponent"/>
  <testcase name="EstilosComponent Revisar titulo" time="0.006" classname="Chrome_115_0_0_0_(Windows_10).EstilosComponent"/>
  <testcase name="EstilosComponent should create" time="0.004" classname="Chrome_115_0_0_0_(Windows_10).EstilosComponent"/>
  <testcase name="EstilosComponent should initialize data on ngOnInit" time="0.007" classname="Chrome_115_0_0_0_(Windows_10).EstilosComponent"/>
  <testcase name="EstilosComponent Revisar Imformacion" time="0.004" classname="Chrome_115_0_0_0_(Windows_10).EstilosComponent"/>
  <testcase name="AppComponent should have as title 'appEvalua'" time="0.004" classname="Chrome_115_0_0_0_(Windows_10).AppComponent"/>
  <testcase name="AppComponent should create the app" time="0.003" classname="Chrome_115_0_0_0_(Windows_10).AppComponent"/>
  <testcase name="EvaluacionComponent should create" time="0.019" classname="Chrome_115_0_0_0_(Windows_10).EvaluacionComponent"/>
  <testcase name="EvaluacionComponent should store titulo and estilo in sharedDataService when guardarDatos is called" time="0.01" classname="Chrome_115_0_0_0_(Windows_10).EvaluacionComponent"/>
  <testcase name="FallasCardComponent should update selectedOptions when selectNivel is called" time="0.011" classname="Chrome_115_0_0_0_(Windows_10).FallasCardComponent"/>
  <testcase name="FallasCardComponent should initialize component with default values" time="0.005" classname="Chrome_115_0_0_0_(Windows_10).FallasCardComponent"/>
  <testcase name="FallasCardComponent should create" time="0.004" classname="Chrome_115_0_0_0_(Windows_10).FallasCardComponent"/>
  <testcase name="MisEvaluacionesComponent should fetch evaluaciones on ngOnInit" time="0.009" classname="Chrome_115_0_0_0_(Windows_10).MisEvaluacionesComponent"/>
  <testcase name="MisEvaluacionesComponent should create" time="0.004" classname="Chrome_115_0_0_0_(Windows_10).MisEvaluacionesComponent"/>
  <testcase name="PrincipalComponent should create" time="0.006" classname="Chrome_115_0_0_0_(Windows_10).PrincipalComponent"/>
  <testcase name="RadarChartComponent should initialize chart data and options" time="0.049" classname="Chrome_115_0_0_0_(Windows_10).RadarChartComponent"/>
  <testcase name="RadarChartComponent should log chart click event" time="0.011" classname="Chrome_115_0_0_0_(Windows_10).RadarChartComponent"/>
  <testcase name="RadarChartComponent should create" time="0.01" classname="Chrome_115_0_0_0_(Windows_10).RadarChartComponent"/>
  <testcase name="RadarChartComponent should log chart hover event" time="0.011" classname="Chrome_115_0_0_0_(Windows_10).RadarChartComponent"/>
  <testcase name="MenuCategoriasComponent should emit message when pasarCategory is called" time="0.009" classname="Chrome_115_0_0_0_(Windows_10).MenuCategoriasComponent"/>
  <testcase name="MenuCategoriasComponent should emit message when pasarCategory is called" time="0.008" classname="Chrome_115_0_0_0_(Windows_10).MenuCategoriasComponent"/>
  <testcase name="MenuCategoriasComponent should emit message when pasarCategory is called" time="0.003" classname="Chrome_115_0_0_0_(Windows_10).MenuCategoriasComponent"/>
  <testcase name="MenuCategoriasComponent should emit message when pasarCategory is called" time="0.003" classname="Chrome_115_0_0_0_(Windows_10).MenuCategoriasComponent"/>
  <testcase name="MenuCategoriasComponent should create" time="0.003" classname="Chrome_115_0_0_0_(Windows_10).MenuCategoriasComponent"/>
  <testcase name="NotasComponent should navigate to /evaluacion when volverEvaluar is called" time="0.048" classname="Chrome_115_0_0_0_(Windows_10).NotasComponent"/>
  <testcase name="NotasComponent should create" time="0.012" classname="Chrome_115_0_0_0_(Windows_10).NotasComponent"/>
  <testcase name="FallasVistaComponent should create" time="0.009" classname="Chrome_115_0_0_0_(Windows_10).FallasVistaComponent"/>
  <testcase name="FallasVistaComponent should call console.log for each card" time="0.006" classname="Chrome_115_0_0_0_(Windows_10).FallasVistaComponent"/>
  <testcase name="FallasVistaComponent should call guardarDatos" time="0.006" classname="Chrome_115_0_0_0_(Windows_10).FallasVistaComponent"/>
  <testcase name="SharedDataService should be created" time="0.002" classname="Chrome_115_0_0_0_(Windows_10).SharedDataService"/>
  <testcase name="TipoBebidaComponent should populate tipos from api" time="0.012" classname="Chrome_115_0_0_0_(Windows_10).TipoBebidaComponent"/>
  <testcase name="TipoBebidaComponent should create" time="0.008" classname="Chrome_115_0_0_0_(Windows_10).TipoBebidaComponent"/>
  <testcase name="TituloFlotanteComponent should toggle dropdown" time="0.034" classname="Chrome_115_0_0_0_(Windows_10).TituloFlotanteComponent"/>
  <testcase name="TituloFlotanteComponent should create" time="0.009" classname="Chrome_115_0_0_0_(Windows_10).TituloFlotanteComponent"/>
  <testcase name="TituloFlotanteComponent should update descripcionSeleccionada when an option is selected" time="0.006" classname="Chrome_115_0_0_0_(Windows_10).TituloFlotanteComponent"/>
  <system-out>
    <![CDATA[Chrome 115.0.0.0 (Windows 10) ERROR: 'NG0304: 'app-barra-superior' is not a known element (used in the 'EstilosComponent' component template):
1. If 'app-barra-superior' is an Angular component, then verify that it is a part of an @NgModule where this component is declared.
2. If 'app-barra-superior' is a Web Component then add 'CUSTOM_ELEMENTS_SCHEMA' to the '@NgModule.schemas' of this component to suppress this message.'
,Chrome 115.0.0.0 (Windows 10) ERROR: 'NG0304: 'mat-form-field' is not a known element (used in the 'EstilosComponent' component template):
1. If 'mat-form-field' is an Angular component, then verify that it is a part of an @NgModule where this component is declared.
2. If 'mat-form-field' is a Web Component then add 'CUSTOM_ELEMENTS_SCHEMA' to the '@NgModule.schemas' of this component to suppress this message.'
,Chrome 115.0.0.0 (Windows 10) ERROR: 'NG0304: 'mat-label' is not a known element (used in the 'EstilosComponent' component template):
1. If 'mat-label' is an Angular component, then verify that it is a part of an @NgModule where this component is declared.
2. If 'mat-label' is a Web Component then add 'CUSTOM_ELEMENTS_SCHEMA' to the '@NgModule.schemas' of this component to suppress this message.'
,Chrome 115.0.0.0 (Windows 10) ERROR: 'NG0304: 'mat-form-field' is not a known element (used in the 'EstilosComponent' component template):
1. If 'mat-form-field' is an Angular component, then verify that it is a part of an @NgModule where this component is declared.
2. If 'mat-form-field' is a Web Component then add 'CUSTOM_ELEMENTS_SCHEMA' to the '@NgModule.schemas' of this component to suppress this message.'
,Chrome 115.0.0.0 (Windows 10) ERROR: 'NG0304: 'mat-label' is not a known element (used in the 'EstilosComponent' component template):
1. If 'mat-label' is an Angular component, then verify that it is a part of an @NgModule where this component is declared.
2. If 'mat-label' is a Web Component then add 'CUSTOM_ELEMENTS_SCHEMA' to the '@NgModule.schemas' of this component to suppress this message.'
,Chrome 115.0.0.0 (Windows 10) ERROR: 'NG0304: 'mat-form-field' is not a known element (used in the 'EstilosComponent' component template):
1. If 'mat-form-field' is an Angular component, then verify that it is a part of an @NgModule where this component is declared.
2. If 'mat-form-field' is a Web Component then add 'CUSTOM_ELEMENTS_SCHEMA' to the '@NgModule.schemas' of this component to suppress this message.'
,Chrome 115.0.0.0 (Windows 10) ERROR: 'NG0304: 'mat-label' is not a known element (used in the 'EstilosComponent' component template):
1. If 'mat-label' is an Angular component, then verify that it is a part of an @NgModule where this component is declared.
2. If 'mat-label' is a Web Component then add 'CUSTOM_ELEMENTS_SCHEMA' to the '@NgModule.schemas' of this component to suppress this message.'
,Chrome 115.0.0.0 (Windows 10) LOG: 'hjgdacilus.g', []
,Chrome 115.0.0.0 (Windows 10) LOG: 'aaa', []
,Chrome 115.0.0.0 (Windows 10) LOG: 'aaa', []
,Chrome 115.0.0.0 (Windows 10) ERROR: 'NG0303: Can't bind to 'ngModel' since it isn't a known property of 'input' (used in the 'EstilosComponent' component template).
1. If 'input' is an Angular component and it has the 'ngModel' input, then verify that it is a part of an @NgModule where this component is declared.
2. To allow any property add 'NO_ERRORS_SCHEMA' to the '@NgModule.schemas' of this component.'
,Chrome 115.0.0.0 (Windows 10) ERROR: 'NG0303: Can't bind to 'ngModel' since it isn't a known property of 'textarea' (used in the 'EstilosComponent' component template).
1. If 'textarea' is an Angular component and it has the 'ngModel' input, then verify that it is a part of an @NgModule where this component is declared.
2. To allow any property add 'NO_ERRORS_SCHEMA' to the '@NgModule.schemas' of this component.'
,Chrome 115.0.0.0 (Windows 10) ERROR: 'NG0304: 'app-barra-superior' is not a known element (used in the 'EstilosComponent' component template):
1. If 'app-barra-superior' is an Angular component, then verify that it is a part of an @NgModule where this component is declared.
2. If 'app-barra-superior' is a Web Component then add 'CUSTOM_ELEMENTS_SCHEMA' to the '@NgModule.schemas' of this component to suppress this message.'
,Chrome 115.0.0.0 (Windows 10) ERROR: 'NG0304: 'mat-form-field' is not a known element (used in the 'EstilosComponent' component template):
1. If 'mat-form-field' is an Angular component, then verify that it is a part of an @NgModule where this component is declared.
2. If 'mat-form-field' is a Web Component then add 'CUSTOM_ELEMENTS_SCHEMA' to the '@NgModule.schemas' of this component to suppress this message.'
,Chrome 115.0.0.0 (Windows 10) ERROR: 'NG0304: 'mat-label' is not a known element (used in the 'EstilosComponent' component template):
1. If 'mat-label' is an Angular component, then verify that it is a part of an @NgModule where this component is declared.
2. If 'mat-label' is a Web Component then add 'CUSTOM_ELEMENTS_SCHEMA' to the '@NgModule.schemas' of this component to suppress this message.'
,Chrome 115.0.0.0 (Windows 10) ERROR: 'NG0304: 'mat-form-field' is not a known element (used in the 'EstilosComponent' component template):
1. If 'mat-form-field' is an Angular component, then verify that it is a part of an @NgModule where this component is declared.
2. If 'mat-form-field' is a Web Component then add 'CUSTOM_ELEMENTS_SCHEMA' to the '@NgModule.schemas' of this component to suppress this message.'
,Chrome 115.0.0.0 (Windows 10) ERROR: 'NG0304: 'mat-label' is not a known element (used in the 'EstilosComponent' component template):
1. If 'mat-label' is an Angular component, then verify that it is a part of an @NgModule where this component is declared.
2. If 'mat-label' is a Web Component then add 'CUSTOM_ELEMENTS_SCHEMA' to the '@NgModule.schemas' of this component to suppress this message.'
,Chrome 115.0.0.0 (Windows 10) ERROR: 'NG0304: 'mat-form-field' is not a known element (used in the 'EstilosComponent' component template):
1. If 'mat-form-field' is an Angular component, then verify that it is a part of an @NgModule where this component is declared.
2. If 'mat-form-field' is a Web Component then add 'CUSTOM_ELEMENTS_SCHEMA' to the '@NgModule.schemas' of this component to suppress this message.'
,Chrome 115.0.0.0 (Windows 10) ERROR: 'NG0304: 'mat-label' is not a known element (used in the 'EstilosComponent' component template):
1. If 'mat-label' is an Angular component, then verify that it is a part of an @NgModule where this component is declared.
2. If 'mat-label' is a Web Component then add 'CUSTOM_ELEMENTS_SCHEMA' to the '@NgModule.schemas' of this component to suppress this message.'
,Chrome 115.0.0.0 (Windows 10) LOG: 'hjgdacilus.g', []
,Chrome 115.0.0.0 (Windows 10) LOG: 'aaa', []
,Chrome 115.0.0.0 (Windows 10) LOG: 'aaa', []
,Chrome 115.0.0.0 (Windows 10) ERROR: 'NG0303: Can't bind to 'ngModel' since it isn't a known property of 'input' (used in the 'EstilosComponent' component template).
1. If 'input' is an Angular component and it has the 'ngModel' input, then verify that it is a part of an @NgModule where this component is declared.
2. To allow any property add 'NO_ERRORS_SCHEMA' to the '@NgModule.schemas' of this component.'
,Chrome 115.0.0.0 (Windows 10) ERROR: 'NG0303: Can't bind to 'ngModel' since it isn't a known property of 'textarea' (used in the 'EstilosComponent' component template).
1. If 'textarea' is an Angular component and it has the 'ngModel' input, then verify that it is a part of an @NgModule where this component is declared.
2. To allow any property add 'NO_ERRORS_SCHEMA' to the '@NgModule.schemas' of this component.'
,Chrome 115.0.0.0 (Windows 10) ERROR: 'NG0304: 'app-barra-superior' is not a known element (used in the 'EstilosComponent' component template):
1. If 'app-barra-superior' is an Angular component, then verify that it is a part of an @NgModule where this component is declared.
2. If 'app-barra-superior' is a Web Component then add 'CUSTOM_ELEMENTS_SCHEMA' to the '@NgModule.schemas' of this component to suppress this message.'
,Chrome 115.0.0.0 (Windows 10) ERROR: 'NG0304: 'mat-form-field' is not a known element (used in the 'EstilosComponent' component template):
1. If 'mat-form-field' is an Angular component, then verify that it is a part of an @NgModule where this component is declared.
2. If 'mat-form-field' is a Web Component then add 'CUSTOM_ELEMENTS_SCHEMA' to the '@NgModule.schemas' of this component to suppress this message.'
,Chrome 115.0.0.0 (Windows 10) ERROR: 'NG0304: 'mat-label' is not a known element (used in the 'EstilosComponent' component template):
1. If 'mat-label' is an Angular component, then verify that it is a part of an @NgModule where this component is declared.
2. If 'mat-label' is a Web Component then add 'CUSTOM_ELEMENTS_SCHEMA' to the '@NgModule.schemas' of this component to suppress this message.'
,Chrome 115.0.0.0 (Windows 10) ERROR: 'NG0304: 'mat-form-field' is not a known element (used in the 'EstilosComponent' component template):
1. If 'mat-form-field' is an Angular component, then verify that it is a part of an @NgModule where this component is declared.
2. If 'mat-form-field' is a Web Component then add 'CUSTOM_ELEMENTS_SCHEMA' to the '@NgModule.schemas' of this component to suppress this message.'
,Chrome 115.0.0.0 (Windows 10) ERROR: 'NG0304: 'mat-label' is not a known element (used in the 'EstilosComponent' component template):
1. If 'mat-label' is an Angular component, then verify that it is a part of an @NgModule where this component is declared.
2. If 'mat-label' is a Web Component then add 'CUSTOM_ELEMENTS_SCHEMA' to the '@NgModule.schemas' of this component to suppress this message.'
,Chrome 115.0.0.0 (Windows 10) ERROR: 'NG0304: 'mat-form-field' is not a known element (used in the 'EstilosComponent' component template):
1. If 'mat-form-field' is an Angular component, then verify that it is a part of an @NgModule where this component is declared.
2. If 'mat-form-field' is a Web Component then add 'CUSTOM_ELEMENTS_SCHEMA' to the '@NgModule.schemas' of this component to suppress this message.'
,Chrome 115.0.0.0 (Windows 10) ERROR: 'NG0304: 'mat-label' is not a known element (used in the 'EstilosComponent' component template):
1. If 'mat-label' is an Angular component, then verify that it is a part of an @NgModule where this component is declared.
2. If 'mat-label' is a Web Component then add 'CUSTOM_ELEMENTS_SCHEMA' to the '@NgModule.schemas' of this component to suppress this message.'
,Chrome 115.0.0.0 (Windows 10) LOG: 'hjgdacilus.g', []
,Chrome 115.0.0.0 (Windows 10) LOG: 'aaa', []
,Chrome 115.0.0.0 (Windows 10) LOG: 'aaa', []
,Chrome 115.0.0.0 (Windows 10) ERROR: 'NG0303: Can't bind to 'ngModel' since it isn't a known property of 'input' (used in the 'EstilosComponent' component template).
1. If 'input' is an Angular component and it has the 'ngModel' input, then verify that it is a part of an @NgModule where this component is declared.
2. To allow any property add 'NO_ERRORS_SCHEMA' to the '@NgModule.schemas' of this component.'
,Chrome 115.0.0.0 (Windows 10) ERROR: 'NG0303: Can't bind to 'ngModel' since it isn't a known property of 'textarea' (used in the 'EstilosComponent' component template).
1. If 'textarea' is an Angular component and it has the 'ngModel' input, then verify that it is a part of an @NgModule where this component is declared.
2. To allow any property add 'NO_ERRORS_SCHEMA' to the '@NgModule.schemas' of this component.'
,Chrome 115.0.0.0 (Windows 10) ERROR: 'NG0304: 'app-barra-superior' is not a known element (used in the 'EstilosComponent' component template):
1. If 'app-barra-superior' is an Angular component, then verify that it is a part of an @NgModule where this component is declared.
2. If 'app-barra-superior' is a Web Component then add 'CUSTOM_ELEMENTS_SCHEMA' to the '@NgModule.schemas' of this component to suppress this message.'
,Chrome 115.0.0.0 (Windows 10) ERROR: 'NG0304: 'mat-form-field' is not a known element (used in the 'EstilosComponent' component template):
1. If 'mat-form-field' is an Angular component, then verify that it is a part of an @NgModule where this component is declared.
2. If 'mat-form-field' is a Web Component then add 'CUSTOM_ELEMENTS_SCHEMA' to the '@NgModule.schemas' of this component to suppress this message.'
,Chrome 115.0.0.0 (Windows 10) ERROR: 'NG0304: 'mat-label' is not a known element (used in the 'EstilosComponent' component template):
1. If 'mat-label' is an Angular component, then verify that it is a part of an @NgModule where this component is declared.
2. If 'mat-label' is a Web Component then add 'CUSTOM_ELEMENTS_SCHEMA' to the '@NgModule.schemas' of this component to suppress this message.'
,Chrome 115.0.0.0 (Windows 10) ERROR: 'NG0304: 'mat-form-field' is not a known element (used in the 'EstilosComponent' component template):
1. If 'mat-form-field' is an Angular component, then verify that it is a part of an @NgModule where this component is declared.
2. If 'mat-form-field' is a Web Component then add 'CUSTOM_ELEMENTS_SCHEMA' to the '@NgModule.schemas' of this component to suppress this message.'
,Chrome 115.0.0.0 (Windows 10) ERROR: 'NG0304: 'mat-label' is not a known element (used in the 'EstilosComponent' component template):
1. If 'mat-label' is an Angular component, then verify that it is a part of an @NgModule where this component is declared.
2. If 'mat-label' is a Web Component then add 'CUSTOM_ELEMENTS_SCHEMA' to the '@NgModule.schemas' of this component to suppress this message.'
,Chrome 115.0.0.0 (Windows 10) ERROR: 'NG0304: 'mat-form-field' is not a known element (used in the 'EstilosComponent' component template):
1. If 'mat-form-field' is an Angular component, then verify that it is a part of an @NgModule where this component is declared.
2. If 'mat-form-field' is a Web Component then add 'CUSTOM_ELEMENTS_SCHEMA' to the '@NgModule.schemas' of this component to suppress this message.'
,Chrome 115.0.0.0 (Windows 10) ERROR: 'NG0304: 'mat-label' is not a known element (used in the 'EstilosComponent' component template):
1. If 'mat-label' is an Angular component, then verify that it is a part of an @NgModule where this component is declared.
2. If 'mat-label' is a Web Component then add 'CUSTOM_ELEMENTS_SCHEMA' to the '@NgModule.schemas' of this component to suppress this message.'
,Chrome 115.0.0.0 (Windows 10) LOG: 'hjgdacilus.g', []
,Chrome 115.0.0.0 (Windows 10) LOG: 'aaa', []
,Chrome 115.0.0.0 (Windows 10) LOG: 'aaa', []
,Chrome 115.0.0.0 (Windows 10) ERROR: 'NG0303: Can't bind to 'ngModel' since it isn't a known property of 'input' (used in the 'EstilosComponent' component template).
1. If 'input' is an Angular component and it has the 'ngModel' input, then verify that it is a part of an @NgModule where this component is declared.
2. To allow any property add 'NO_ERRORS_SCHEMA' to the '@NgModule.schemas' of this component.'
,Chrome 115.0.0.0 (Windows 10) ERROR: 'NG0303: Can't bind to 'ngModel' since it isn't a known property of 'textarea' (used in the 'EstilosComponent' component template).
1. If 'textarea' is an Angular component and it has the 'ngModel' input, then verify that it is a part of an @NgModule where this component is declared.
2. To allow any property add 'NO_ERRORS_SCHEMA' to the '@NgModule.schemas' of this component.'
,Chrome 115.0.0.0 (Windows 10) LOG: 'hjgdacilus.g', []
,Chrome 115.0.0.0 (Windows 10) LOG: 'aaa', []
,Chrome 115.0.0.0 (Windows 10) LOG: 'aaa', []
,Chrome 115.0.0.0 (Windows 10) ERROR: 'NG0304: 'app-barra-superior' is not a known element (used in the 'EstilosComponent' component template):
1. If 'app-barra-superior' is an Angular component, then verify that it is a part of an @NgModule where this component is declared.
2. If 'app-barra-superior' is a Web Component then add 'CUSTOM_ELEMENTS_SCHEMA' to the '@NgModule.schemas' of this component to suppress this message.'
,Chrome 115.0.0.0 (Windows 10) ERROR: 'NG0304: 'mat-form-field' is not a known element (used in the 'EstilosComponent' component template):
1. If 'mat-form-field' is an Angular component, then verify that it is a part of an @NgModule where this component is declared.
2. If 'mat-form-field' is a Web Component then add 'CUSTOM_ELEMENTS_SCHEMA' to the '@NgModule.schemas' of this component to suppress this message.'
,Chrome 115.0.0.0 (Windows 10) ERROR: 'NG0304: 'mat-label' is not a known element (used in the 'EstilosComponent' component template):
1. If 'mat-label' is an Angular component, then verify that it is a part of an @NgModule where this component is declared.
2. If 'mat-label' is a Web Component then add 'CUSTOM_ELEMENTS_SCHEMA' to the '@NgModule.schemas' of this component to suppress this message.'
,Chrome 115.0.0.0 (Windows 10) ERROR: 'NG0304: 'mat-form-field' is not a known element (used in the 'EstilosComponent' component template):
1. If 'mat-form-field' is an Angular component, then verify that it is a part of an @NgModule where this component is declared.
2. If 'mat-form-field' is a Web Component then add 'CUSTOM_ELEMENTS_SCHEMA' to the '@NgModule.schemas' of this component to suppress this message.'
,Chrome 115.0.0.0 (Windows 10) ERROR: 'NG0304: 'mat-label' is not a known element (used in the 'EstilosComponent' component template):
1. If 'mat-label' is an Angular component, then verify that it is a part of an @NgModule where this component is declared.
2. If 'mat-label' is a Web Component then add 'CUSTOM_ELEMENTS_SCHEMA' to the '@NgModule.schemas' of this component to suppress this message.'
,Chrome 115.0.0.0 (Windows 10) ERROR: 'NG0304: 'mat-form-field' is not a known element (used in the 'EstilosComponent' component template):
1. If 'mat-form-field' is an Angular component, then verify that it is a part of an @NgModule where this component is declared.
2. If 'mat-form-field' is a Web Component then add 'CUSTOM_ELEMENTS_SCHEMA' to the '@NgModule.schemas' of this component to suppress this message.'
,Chrome 115.0.0.0 (Windows 10) ERROR: 'NG0304: 'mat-label' is not a known element (used in the 'EstilosComponent' component template):
1. If 'mat-label' is an Angular component, then verify that it is a part of an @NgModule where this component is declared.
2. If 'mat-label' is a Web Component then add 'CUSTOM_ELEMENTS_SCHEMA' to the '@NgModule.schemas' of this component to suppress this message.'
,Chrome 115.0.0.0 (Windows 10) LOG: 'hjgdacilus.g', []
,Chrome 115.0.0.0 (Windows 10) LOG: 'aaa', []
,Chrome 115.0.0.0 (Windows 10) LOG: 'aaa', []
,Chrome 115.0.0.0 (Windows 10) ERROR: 'NG0303: Can't bind to 'ngModel' since it isn't a known property of 'input' (used in the 'EstilosComponent' component template).
1. If 'input' is an Angular component and it has the 'ngModel' input, then verify that it is a part of an @NgModule where this component is declared.
2. To allow any property add 'NO_ERRORS_SCHEMA' to the '@NgModule.schemas' of this component.'
,Chrome 115.0.0.0 (Windows 10) ERROR: 'NG0303: Can't bind to 'ngModel' since it isn't a known property of 'textarea' (used in the 'EstilosComponent' component template).
1. If 'textarea' is an Angular component and it has the 'ngModel' input, then verify that it is a part of an @NgModule where this component is declared.
2. To allow any property add 'NO_ERRORS_SCHEMA' to the '@NgModule.schemas' of this component.'
,Chrome 115.0.0.0 (Windows 10) ERROR: 'NG0304: 'app-barra-superior' is not a known element (used in the 'EvaluacionComponent' component template):
1. If 'app-barra-superior' is an Angular component, then verify that it is a part of an @NgModule where this component is declared.
2. If 'app-barra-superior' is a Web Component then add 'CUSTOM_ELEMENTS_SCHEMA' to the '@NgModule.schemas' of this component to suppress this message.'
,Chrome 115.0.0.0 (Windows 10) ERROR: 'NG0304: 'app-titulo-flotante' is not a known element (used in the 'EvaluacionComponent' component template):
1. If 'app-titulo-flotante' is an Angular component, then verify that it is a part of an @NgModule where this component is declared.
2. If 'app-titulo-flotante' is a Web Component then add 'CUSTOM_ELEMENTS_SCHEMA' to the '@NgModule.schemas' of this component to suppress this message.'
,Chrome 115.0.0.0 (Windows 10) ERROR: 'NG0304: 'app-menu-categorias' is not a known element (used in the 'EvaluacionComponent' component template):
1. If 'app-menu-categorias' is an Angular component, then verify that it is a part of an @NgModule where this component is declared.
2. If 'app-menu-categorias' is a Web Component then add 'CUSTOM_ELEMENTS_SCHEMA' to the '@NgModule.schemas' of this component to suppress this message.'
,Chrome 115.0.0.0 (Windows 10) ERROR: 'NG0304: 'app-aroma' is not a known element (used in the 'EvaluacionComponent' component template):
1. If 'app-aroma' is an Angular component, then verify that it is a part of an @NgModule where this component is declared.
2. If 'app-aroma' is a Web Component then add 'CUSTOM_ELEMENTS_SCHEMA' to the '@NgModule.schemas' of this component to suppress this message.'
,Chrome 115.0.0.0 (Windows 10) ERROR: 'NG0304: 'app-barra-superior' is not a known element (used in the 'EvaluacionComponent' component template):
1. If 'app-barra-superior' is an Angular component, then verify that it is a part of an @NgModule where this component is declared.
2. If 'app-barra-superior' is a Web Component then add 'CUSTOM_ELEMENTS_SCHEMA' to the '@NgModule.schemas' of this component to suppress this message.'
,Chrome 115.0.0.0 (Windows 10) ERROR: 'NG0304: 'app-titulo-flotante' is not a known element (used in the 'EvaluacionComponent' component template):
1. If 'app-titulo-flotante' is an Angular component, then verify that it is a part of an @NgModule where this component is declared.
2. If 'app-titulo-flotante' is a Web Component then add 'CUSTOM_ELEMENTS_SCHEMA' to the '@NgModule.schemas' of this component to suppress this message.'
,Chrome 115.0.0.0 (Windows 10) ERROR: 'NG0304: 'app-menu-categorias' is not a known element (used in the 'EvaluacionComponent' component template):
1. If 'app-menu-categorias' is an Angular component, then verify that it is a part of an @NgModule where this component is declared.
2. If 'app-menu-categorias' is a Web Component then add 'CUSTOM_ELEMENTS_SCHEMA' to the '@NgModule.schemas' of this component to suppress this message.'
,Chrome 115.0.0.0 (Windows 10) ERROR: 'NG0304: 'app-aroma' is not a known element (used in the 'EvaluacionComponent' component template):
1. If 'app-aroma' is an Angular component, then verify that it is a part of an @NgModule where this component is declared.
2. If 'app-aroma' is a Web Component then add 'CUSTOM_ELEMENTS_SCHEMA' to the '@NgModule.schemas' of this component to suppress this message.'
,Chrome 115.0.0.0 (Windows 10) ERROR: 'NG0303: Can't bind to 'ngModel' since it isn't a known property of 'input' (used in the 'FallasCardComponent' component template).
1. If 'input' is an Angular component and it has the 'ngModel' input, then verify that it is a part of an @NgModule where this component is declared.
2. To allow any property add 'NO_ERRORS_SCHEMA' to the '@NgModule.schemas' of this component.'
,Chrome 115.0.0.0 (Windows 10) ERROR: 'NG0303: Can't bind to 'ngModel' since it isn't a known property of 'input' (used in the 'FallasCardComponent' component template).
1. If 'input' is an Angular component and it has the 'ngModel' input, then verify that it is a part of an @NgModule where this component is declared.
2. To allow any property add 'NO_ERRORS_SCHEMA' to the '@NgModule.schemas' of this component.'
,Chrome 115.0.0.0 (Windows 10) ERROR: 'NG0303: Can't bind to 'ngModel' since it isn't a known property of 'input' (used in the 'FallasCardComponent' component template).
1. If 'input' is an Angular component and it has the 'ngModel' input, then verify that it is a part of an @NgModule where this component is declared.
2. To allow any property add 'NO_ERRORS_SCHEMA' to the '@NgModule.schemas' of this component.'
,Chrome 115.0.0.0 (Windows 10) ERROR: 'NG0303: Can't bind to 'ngModel' since it isn't a known property of 'input' (used in the 'FallasCardComponent' component template).
1. If 'input' is an Angular component and it has the 'ngModel' input, then verify that it is a part of an @NgModule where this component is declared.
2. To allow any property add 'NO_ERRORS_SCHEMA' to the '@NgModule.schemas' of this component.'
,Chrome 115.0.0.0 (Windows 10) ERROR: 'NG0303: Can't bind to 'ngModel' since it isn't a known property of 'input' (used in the 'FallasCardComponent' component template).
1. If 'input' is an Angular component and it has the 'ngModel' input, then verify that it is a part of an @NgModule where this component is declared.
2. To allow any property add 'NO_ERRORS_SCHEMA' to the '@NgModule.schemas' of this component.'
,Chrome 115.0.0.0 (Windows 10) ERROR: 'NG0303: Can't bind to 'ngModel' since it isn't a known property of 'input' (used in the 'FallasCardComponent' component template).
1. If 'input' is an Angular component and it has the 'ngModel' input, then verify that it is a part of an @NgModule where this component is declared.
2. To allow any property add 'NO_ERRORS_SCHEMA' to the '@NgModule.schemas' of this component.'
,Chrome 115.0.0.0 (Windows 10) ERROR: 'NG0303: Can't bind to 'ngModel' since it isn't a known property of 'input' (used in the 'FallasCardComponent' component template).
1. If 'input' is an Angular component and it has the 'ngModel' input, then verify that it is a part of an @NgModule where this component is declared.
2. To allow any property add 'NO_ERRORS_SCHEMA' to the '@NgModule.schemas' of this component.'
,Chrome 115.0.0.0 (Windows 10) ERROR: 'NG0303: Can't bind to 'ngModel' since it isn't a known property of 'input' (used in the 'FallasCardComponent' component template).
1. If 'input' is an Angular component and it has the 'ngModel' input, then verify that it is a part of an @NgModule where this component is declared.
2. To allow any property add 'NO_ERRORS_SCHEMA' to the '@NgModule.schemas' of this component.'
,Chrome 115.0.0.0 (Windows 10) ERROR: 'NG0303: Can't bind to 'ngModel' since it isn't a known property of 'input' (used in the 'FallasCardComponent' component template).
1. If 'input' is an Angular component and it has the 'ngModel' input, then verify that it is a part of an @NgModule where this component is declared.
2. To allow any property add 'NO_ERRORS_SCHEMA' to the '@NgModule.schemas' of this component.'
,Chrome 115.0.0.0 (Windows 10) ERROR: 'NG0303: Can't bind to 'ngModel' since it isn't a known property of 'input' (used in the 'FallasCardComponent' component template).
1. If 'input' is an Angular component and it has the 'ngModel' input, then verify that it is a part of an @NgModule where this component is declared.
2. To allow any property add 'NO_ERRORS_SCHEMA' to the '@NgModule.schemas' of this component.'
,Chrome 115.0.0.0 (Windows 10) ERROR: 'NG0303: Can't bind to 'ngModel' since it isn't a known property of 'input' (used in the 'FallasCardComponent' component template).
1. If 'input' is an Angular component and it has the 'ngModel' input, then verify that it is a part of an @NgModule where this component is declared.
2. To allow any property add 'NO_ERRORS_SCHEMA' to the '@NgModule.schemas' of this component.'
,Chrome 115.0.0.0 (Windows 10) ERROR: 'NG0303: Can't bind to 'ngModel' since it isn't a known property of 'input' (used in the 'FallasCardComponent' component template).
1. If 'input' is an Angular component and it has the 'ngModel' input, then verify that it is a part of an @NgModule where this component is declared.
2. To allow any property add 'NO_ERRORS_SCHEMA' to the '@NgModule.schemas' of this component.'
,Chrome 115.0.0.0 (Windows 10) ERROR: 'NG0304: 'app-barra-superior' is not a known element (used in the 'MisEvaluacionesComponent' component template):
1. If 'app-barra-superior' is an Angular component, then verify that it is a part of an @NgModule where this component is declared.
2. If 'app-barra-superior' is a Web Component then add 'CUSTOM_ELEMENTS_SCHEMA' to the '@NgModule.schemas' of this component to suppress this message.'
,Chrome 115.0.0.0 (Windows 10) LOG: []
,Chrome 115.0.0.0 (Windows 10) LOG: [Object{nombre: 'Evaluacion 1'}, Object{nombre: 'Evaluacion 2'}]
,Chrome 115.0.0.0 (Windows 10) ERROR: 'NG0304: 'app-barra-superior' is not a known element (used in the 'MisEvaluacionesComponent' component template):
1. If 'app-barra-superior' is an Angular component, then verify that it is a part of an @NgModule where this component is declared.
2. If 'app-barra-superior' is a Web Component then add 'CUSTOM_ELEMENTS_SCHEMA' to the '@NgModule.schemas' of this component to suppress this message.'
,Chrome 115.0.0.0 (Windows 10) LOG: []
,Chrome 115.0.0.0 (Windows 10) ERROR: 'NG0304: 'app-barra-superior' is not a known element (used in the 'PrincipalComponent' component template):
1. If 'app-barra-superior' is an Angular component, then verify that it is a part of an @NgModule where this component is declared.
2. If 'app-barra-superior' is a Web Component then add 'CUSTOM_ELEMENTS_SCHEMA' to the '@NgModule.schemas' of this component to suppress this message.'
,Chrome 115.0.0.0 (Windows 10) ERROR: 'NG0303: Can't bind to 'ngModel' since it isn't a known property of 'input' (used in the 'RadarChartComponent' component template).
1. If 'input' is an Angular component and it has the 'ngModel' input, then verify that it is a part of an @NgModule where this component is declared.
2. To allow any property add 'NO_ERRORS_SCHEMA' to the '@NgModule.schemas' of this component.'
,Chrome 115.0.0.0 (Windows 10) ERROR: 'NG0303: Can't bind to 'ngModel' since it isn't a known property of 'input' (used in the 'RadarChartComponent' component template).
1. If 'input' is an Angular component and it has the 'ngModel' input, then verify that it is a part of an @NgModule where this component is declared.
2. To allow any property add 'NO_ERRORS_SCHEMA' to the '@NgModule.schemas' of this component.'
,Chrome 115.0.0.0 (Windows 10) ERROR: 'NG0303: Can't bind to 'ngModel' since it isn't a known property of 'input' (used in the 'RadarChartComponent' component template).
1. If 'input' is an Angular component and it has the 'ngModel' input, then verify that it is a part of an @NgModule where this component is declared.
2. To allow any property add 'NO_ERRORS_SCHEMA' to the '@NgModule.schemas' of this component.'
,Chrome 115.0.0.0 (Windows 10) ERROR: 'NG0303: Can't bind to 'ngModel' since it isn't a known property of 'input' (used in the 'RadarChartComponent' component template).
1. If 'input' is an Angular component and it has the 'ngModel' input, then verify that it is a part of an @NgModule where this component is declared.
2. To allow any property add 'NO_ERRORS_SCHEMA' to the '@NgModule.schemas' of this component.'
,Chrome 115.0.0.0 (Windows 10) ERROR: 'NG0304: 'app-barra-superior' is not a known element (used in the 'NotasComponent' component template):
1. If 'app-barra-superior' is an Angular component, then verify that it is a part of an @NgModule where this component is declared.
2. If 'app-barra-superior' is a Web Component then add 'CUSTOM_ELEMENTS_SCHEMA' to the '@NgModule.schemas' of this component to suppress this message.'
,Chrome 115.0.0.0 (Windows 10) ERROR: 'NG0304: 'mat-card' is not a known element (used in the 'NotasComponent' component template):
1. If 'mat-card' is an Angular component, then verify that it is a part of an @NgModule where this component is declared.
2. If 'mat-card' is a Web Component then add 'CUSTOM_ELEMENTS_SCHEMA' to the '@NgModule.schemas' of this component to suppress this message.'
,Chrome 115.0.0.0 (Windows 10) ERROR: 'NG0304: 'mat-card-content' is not a known element (used in the 'NotasComponent' component template):
1. If 'mat-card-content' is an Angular component, then verify that it is a part of an @NgModule where this component is declared.
2. If 'mat-card-content' is a Web Component then add 'CUSTOM_ELEMENTS_SCHEMA' to the '@NgModule.schemas' of this component to suppress this message.'
,Chrome 115.0.0.0 (Windows 10) ERROR: 'NG0304: 'mat-card' is not a known element (used in the 'NotasComponent' component template):
1. If 'mat-card' is an Angular component, then verify that it is a part of an @NgModule where this component is declared.
2. If 'mat-card' is a Web Component then add 'CUSTOM_ELEMENTS_SCHEMA' to the '@NgModule.schemas' of this component to suppress this message.'
,Chrome 115.0.0.0 (Windows 10) ERROR: 'NG0304: 'mat-card-content' is not a known element (used in the 'NotasComponent' component template):
1. If 'mat-card-content' is an Angular component, then verify that it is a part of an @NgModule where this component is declared.
2. If 'mat-card-content' is a Web Component then add 'CUSTOM_ELEMENTS_SCHEMA' to the '@NgModule.schemas' of this component to suppress this message.'
,Chrome 115.0.0.0 (Windows 10) ERROR: 'NG0304: 'mat-card' is not a known element (used in the 'NotasComponent' component template):
1. If 'mat-card' is an Angular component, then verify that it is a part of an @NgModule where this component is declared.
2. If 'mat-card' is a Web Component then add 'CUSTOM_ELEMENTS_SCHEMA' to the '@NgModule.schemas' of this component to suppress this message.'
,Chrome 115.0.0.0 (Windows 10) ERROR: 'NG0304: 'mat-card-content' is not a known element (used in the 'NotasComponent' component template):
1. If 'mat-card-content' is an Angular component, then verify that it is a part of an @NgModule where this component is declared.
2. If 'mat-card-content' is a Web Component then add 'CUSTOM_ELEMENTS_SCHEMA' to the '@NgModule.schemas' of this component to suppress this message.'
,Chrome 115.0.0.0 (Windows 10) ERROR: 'NG0304: 'mat-card' is not a known element (used in the 'NotasComponent' component template):
1. If 'mat-card' is an Angular component, then verify that it is a part of an @NgModule where this component is declared.
2. If 'mat-card' is a Web Component then add 'CUSTOM_ELEMENTS_SCHEMA' to the '@NgModule.schemas' of this component to suppress this message.'
,Chrome 115.0.0.0 (Windows 10) ERROR: 'NG0304: 'mat-card-content' is not a known element (used in the 'NotasComponent' component template):
1. If 'mat-card-content' is an Angular component, then verify that it is a part of an @NgModule where this component is declared.
2. If 'mat-card-content' is a Web Component then add 'CUSTOM_ELEMENTS_SCHEMA' to the '@NgModule.schemas' of this component to suppress this message.'
,Chrome 115.0.0.0 (Windows 10) ERROR: 'NG0304: 'mat-card' is not a known element (used in the 'NotasComponent' component template):
1. If 'mat-card' is an Angular component, then verify that it is a part of an @NgModule where this component is declared.
2. If 'mat-card' is a Web Component then add 'CUSTOM_ELEMENTS_SCHEMA' to the '@NgModule.schemas' of this component to suppress this message.'
,Chrome 115.0.0.0 (Windows 10) ERROR: 'NG0304: 'mat-card-content' is not a known element (used in the 'NotasComponent' component template):
1. If 'mat-card-content' is an Angular component, then verify that it is a part of an @NgModule where this component is declared.
2. If 'mat-card-content' is a Web Component then add 'CUSTOM_ELEMENTS_SCHEMA' to the '@NgModule.schemas' of this component to suppress this message.'
,Chrome 115.0.0.0 (Windows 10) ERROR: 'NG0304: 'mat-card' is not a known element (used in the 'NotasComponent' component template):
1. If 'mat-card' is an Angular component, then verify that it is a part of an @NgModule where this component is declared.
2. If 'mat-card' is a Web Component then add 'CUSTOM_ELEMENTS_SCHEMA' to the '@NgModule.schemas' of this component to suppress this message.'
,Chrome 115.0.0.0 (Windows 10) ERROR: 'NG0304: 'mat-card-content' is not a known element (used in the 'NotasComponent' component template):
1. If 'mat-card-content' is an Angular component, then verify that it is a part of an @NgModule where this component is declared.
2. If 'mat-card-content' is a Web Component then add 'CUSTOM_ELEMENTS_SCHEMA' to the '@NgModule.schemas' of this component to suppress this message.'
,Chrome 115.0.0.0 (Windows 10) ERROR: 'NG0304: 'app-barra-superior' is not a known element (used in the 'NotasComponent' component template):
1. If 'app-barra-superior' is an Angular component, then verify that it is a part of an @NgModule where this component is declared.
2. If 'app-barra-superior' is a Web Component then add 'CUSTOM_ELEMENTS_SCHEMA' to the '@NgModule.schemas' of this component to suppress this message.'
,Chrome 115.0.0.0 (Windows 10) ERROR: 'NG0304: 'mat-card' is not a known element (used in the 'NotasComponent' component template):
1. If 'mat-card' is an Angular component, then verify that it is a part of an @NgModule where this component is declared.
2. If 'mat-card' is a Web Component then add 'CUSTOM_ELEMENTS_SCHEMA' to the '@NgModule.schemas' of this component to suppress this message.'
,Chrome 115.0.0.0 (Windows 10) ERROR: 'NG0304: 'mat-card-content' is not a known element (used in the 'NotasComponent' component template):
1. If 'mat-card-content' is an Angular component, then verify that it is a part of an @NgModule where this component is declared.
2. If 'mat-card-content' is a Web Component then add 'CUSTOM_ELEMENTS_SCHEMA' to the '@NgModule.schemas' of this component to suppress this message.'
,Chrome 115.0.0.0 (Windows 10) ERROR: 'NG0304: 'mat-card' is not a known element (used in the 'NotasComponent' component template):
1. If 'mat-card' is an Angular component, then verify that it is a part of an @NgModule where this component is declared.
2. If 'mat-card' is a Web Component then add 'CUSTOM_ELEMENTS_SCHEMA' to the '@NgModule.schemas' of this component to suppress this message.'
,Chrome 115.0.0.0 (Windows 10) ERROR: 'NG0304: 'mat-card-content' is not a known element (used in the 'NotasComponent' component template):
1. If 'mat-card-content' is an Angular component, then verify that it is a part of an @NgModule where this component is declared.
2. If 'mat-card-content' is a Web Component then add 'CUSTOM_ELEMENTS_SCHEMA' to the '@NgModule.schemas' of this component to suppress this message.'
,Chrome 115.0.0.0 (Windows 10) ERROR: 'NG0304: 'mat-card' is not a known element (used in the 'NotasComponent' component template):
1. If 'mat-card' is an Angular component, then verify that it is a part of an @NgModule where this component is declared.
2. If 'mat-card' is a Web Component then add 'CUSTOM_ELEMENTS_SCHEMA' to the '@NgModule.schemas' of this component to suppress this message.'
,Chrome 115.0.0.0 (Windows 10) ERROR: 'NG0304: 'mat-card-content' is not a known element (used in the 'NotasComponent' component template):
1. If 'mat-card-content' is an Angular component, then verify that it is a part of an @NgModule where this component is declared.
2. If 'mat-card-content' is a Web Component then add 'CUSTOM_ELEMENTS_SCHEMA' to the '@NgModule.schemas' of this component to suppress this message.'
,Chrome 115.0.0.0 (Windows 10) ERROR: 'NG0304: 'mat-card' is not a known element (used in the 'NotasComponent' component template):
1. If 'mat-card' is an Angular component, then verify that it is a part of an @NgModule where this component is declared.
2. If 'mat-card' is a Web Component then add 'CUSTOM_ELEMENTS_SCHEMA' to the '@NgModule.schemas' of this component to suppress this message.'
,Chrome 115.0.0.0 (Windows 10) ERROR: 'NG0304: 'mat-card-content' is not a known element (used in the 'NotasComponent' component template):
1. If 'mat-card-content' is an Angular component, then verify that it is a part of an @NgModule where this component is declared.
2. If 'mat-card-content' is a Web Component then add 'CUSTOM_ELEMENTS_SCHEMA' to the '@NgModule.schemas' of this component to suppress this message.'
,Chrome 115.0.0.0 (Windows 10) ERROR: 'NG0304: 'mat-card' is not a known element (used in the 'NotasComponent' component template):
1. If 'mat-card' is an Angular component, then verify that it is a part of an @NgModule where this component is declared.
2. If 'mat-card' is a Web Component then add 'CUSTOM_ELEMENTS_SCHEMA' to the '@NgModule.schemas' of this component to suppress this message.'
,Chrome 115.0.0.0 (Windows 10) ERROR: 'NG0304: 'mat-card-content' is not a known element (used in the 'NotasComponent' component template):
1. If 'mat-card-content' is an Angular component, then verify that it is a part of an @NgModule where this component is declared.
2. If 'mat-card-content' is a Web Component then add 'CUSTOM_ELEMENTS_SCHEMA' to the '@NgModule.schemas' of this component to suppress this message.'
,Chrome 115.0.0.0 (Windows 10) ERROR: 'NG0304: 'mat-card' is not a known element (used in the 'NotasComponent' component template):
1. If 'mat-card' is an Angular component, then verify that it is a part of an @NgModule where this component is declared.
2. If 'mat-card' is a Web Component then add 'CUSTOM_ELEMENTS_SCHEMA' to the '@NgModule.schemas' of this component to suppress this message.'
,Chrome 115.0.0.0 (Windows 10) ERROR: 'NG0304: 'mat-card-content' is not a known element (used in the 'NotasComponent' component template):
1. If 'mat-card-content' is an Angular component, then verify that it is a part of an @NgModule where this component is declared.
2. If 'mat-card-content' is a Web Component then add 'CUSTOM_ELEMENTS_SCHEMA' to the '@NgModule.schemas' of this component to suppress this message.'
,Chrome 115.0.0.0 (Windows 10) ERROR: 'NG0304: 'app-fallas-card' is not a known element (used in the 'FallasVistaComponent' component template):
1. If 'app-fallas-card' is an Angular component, then verify that it is a part of an @NgModule where this component is declared.
2. If 'app-fallas-card' is a Web Component then add 'CUSTOM_ELEMENTS_SCHEMA' to the '@NgModule.schemas' of this component to suppress this message.'
,Chrome 115.0.0.0 (Windows 10) ERROR: 'NG0303: Can't bind to 'nivel' since it isn't a known property of 'app-fallas-card' (used in the 'FallasVistaComponent' component template).
1. If 'app-fallas-card' is an Angular component and it has the 'nivel' input, then verify that it is a part of an @NgModule where this component is declared.
2. If 'app-fallas-card' is a Web Component then add 'CUSTOM_ELEMENTS_SCHEMA' to the '@NgModule.schemas' of this component to suppress this message.
3. To allow any property add 'NO_ERRORS_SCHEMA' to the '@NgModule.schemas' of this component.'
,Chrome 115.0.0.0 (Windows 10) ERROR: 'NG0303: Can't bind to 'nivel' since it isn't a known property of 'app-fallas-card' (used in the 'FallasVistaComponent' component template).
1. If 'app-fallas-card' is an Angular component and it has the 'nivel' input, then verify that it is a part of an @NgModule where this component is declared.
2. If 'app-fallas-card' is a Web Component then add 'CUSTOM_ELEMENTS_SCHEMA' to the '@NgModule.schemas' of this component to suppress this message.
3. To allow any property add 'NO_ERRORS_SCHEMA' to the '@NgModule.schemas' of this component.'
,Chrome 115.0.0.0 (Windows 10) ERROR: 'NG0303: Can't bind to 'nivel' since it isn't a known property of 'app-fallas-card' (used in the 'FallasVistaComponent' component template).
1. If 'app-fallas-card' is an Angular component and it has the 'nivel' input, then verify that it is a part of an @NgModule where this component is declared.
2. If 'app-fallas-card' is a Web Component then add 'CUSTOM_ELEMENTS_SCHEMA' to the '@NgModule.schemas' of this component to suppress this message.
3. To allow any property add 'NO_ERRORS_SCHEMA' to the '@NgModule.schemas' of this component.'
,Chrome 115.0.0.0 (Windows 10) ERROR: 'NG0303: Can't bind to 'nivel' since it isn't a known property of 'app-fallas-card' (used in the 'FallasVistaComponent' component template).
1. If 'app-fallas-card' is an Angular component and it has the 'nivel' input, then verify that it is a part of an @NgModule where this component is declared.
2. If 'app-fallas-card' is a Web Component then add 'CUSTOM_ELEMENTS_SCHEMA' to the '@NgModule.schemas' of this component to suppress this message.
3. To allow any property add 'NO_ERRORS_SCHEMA' to the '@NgModule.schemas' of this component.'
,Chrome 115.0.0.0 (Windows 10) ERROR: 'NG0303: Can't bind to 'nivel' since it isn't a known property of 'app-fallas-card' (used in the 'FallasVistaComponent' component template).
1. If 'app-fallas-card' is an Angular component and it has the 'nivel' input, then verify that it is a part of an @NgModule where this component is declared.
2. If 'app-fallas-card' is a Web Component then add 'CUSTOM_ELEMENTS_SCHEMA' to the '@NgModule.schemas' of this component to suppress this message.
3. To allow any property add 'NO_ERRORS_SCHEMA' to the '@NgModule.schemas' of this component.'
,Chrome 115.0.0.0 (Windows 10) ERROR: 'NG0303: Can't bind to 'nivel' since it isn't a known property of 'app-fallas-card' (used in the 'FallasVistaComponent' component template).
1. If 'app-fallas-card' is an Angular component and it has the 'nivel' input, then verify that it is a part of an @NgModule where this component is declared.
2. If 'app-fallas-card' is a Web Component then add 'CUSTOM_ELEMENTS_SCHEMA' to the '@NgModule.schemas' of this component to suppress this message.
3. To allow any property add 'NO_ERRORS_SCHEMA' to the '@NgModule.schemas' of this component.'
,Chrome 115.0.0.0 (Windows 10) ERROR: 'NG0303: Can't bind to 'nivel' since it isn't a known property of 'app-fallas-card' (used in the 'FallasVistaComponent' component template).
1. If 'app-fallas-card' is an Angular component and it has the 'nivel' input, then verify that it is a part of an @NgModule where this component is declared.
2. If 'app-fallas-card' is a Web Component then add 'CUSTOM_ELEMENTS_SCHEMA' to the '@NgModule.schemas' of this component to suppress this message.
3. To allow any property add 'NO_ERRORS_SCHEMA' to the '@NgModule.schemas' of this component.'
,Chrome 115.0.0.0 (Windows 10) ERROR: 'NG0303: Can't bind to 'nivel' since it isn't a known property of 'app-fallas-card' (used in the 'FallasVistaComponent' component template).
1. If 'app-fallas-card' is an Angular component and it has the 'nivel' input, then verify that it is a part of an @NgModule where this component is declared.
2. If 'app-fallas-card' is a Web Component then add 'CUSTOM_ELEMENTS_SCHEMA' to the '@NgModule.schemas' of this component to suppress this message.
3. To allow any property add 'NO_ERRORS_SCHEMA' to the '@NgModule.schemas' of this component.'
,Chrome 115.0.0.0 (Windows 10) ERROR: 'NG0303: Can't bind to 'nivel' since it isn't a known property of 'app-fallas-card' (used in the 'FallasVistaComponent' component template).
1. If 'app-fallas-card' is an Angular component and it has the 'nivel' input, then verify that it is a part of an @NgModule where this component is declared.
2. If 'app-fallas-card' is a Web Component then add 'CUSTOM_ELEMENTS_SCHEMA' to the '@NgModule.schemas' of this component to suppress this message.
3. To allow any property add 'NO_ERRORS_SCHEMA' to the '@NgModule.schemas' of this component.'
,Chrome 115.0.0.0 (Windows 10) ERROR: 'NG0303: Can't bind to 'nivel' since it isn't a known property of 'app-fallas-card' (used in the 'FallasVistaComponent' component template).
1. If 'app-fallas-card' is an Angular component and it has the 'nivel' input, then verify that it is a part of an @NgModule where this component is declared.
2. If 'app-fallas-card' is a Web Component then add 'CUSTOM_ELEMENTS_SCHEMA' to the '@NgModule.schemas' of this component to suppress this message.
3. To allow any property add 'NO_ERRORS_SCHEMA' to the '@NgModule.schemas' of this component.'
,Chrome 115.0.0.0 (Windows 10) ERROR: 'NG0303: Can't bind to 'nivel' since it isn't a known property of 'app-fallas-card' (used in the 'FallasVistaComponent' component template).
1. If 'app-fallas-card' is an Angular component and it has the 'nivel' input, then verify that it is a part of an @NgModule where this component is declared.
2. If 'app-fallas-card' is a Web Component then add 'CUSTOM_ELEMENTS_SCHEMA' to the '@NgModule.schemas' of this component to suppress this message.
3. To allow any property add 'NO_ERRORS_SCHEMA' to the '@NgModule.schemas' of this component.'
,Chrome 115.0.0.0 (Windows 10) ERROR: 'NG0303: Can't bind to 'nivel' since it isn't a known property of 'app-fallas-card' (used in the 'FallasVistaComponent' component template).
1. If 'app-fallas-card' is an Angular component and it has the 'nivel' input, then verify that it is a part of an @NgModule where this component is declared.
2. If 'app-fallas-card' is a Web Component then add 'CUSTOM_ELEMENTS_SCHEMA' to the '@NgModule.schemas' of this component to suppress this message.
3. To allow any property add 'NO_ERRORS_SCHEMA' to the '@NgModule.schemas' of this component.'
,Chrome 115.0.0.0 (Windows 10) ERROR: 'NG0304: 'app-fallas-card' is not a known element (used in the 'FallasVistaComponent' component template):
1. If 'app-fallas-card' is an Angular component, then verify that it is a part of an @NgModule where this component is declared.
2. If 'app-fallas-card' is a Web Component then add 'CUSTOM_ELEMENTS_SCHEMA' to the '@NgModule.schemas' of this component to suppress this message.'
,Chrome 115.0.0.0 (Windows 10) ERROR: 'NG0303: Can't bind to 'nivel' since it isn't a known property of 'app-fallas-card' (used in the 'FallasVistaComponent' component template).
1. If 'app-fallas-card' is an Angular component and it has the 'nivel' input, then verify that it is a part of an @NgModule where this component is declared.
2. If 'app-fallas-card' is a Web Component then add 'CUSTOM_ELEMENTS_SCHEMA' to the '@NgModule.schemas' of this component to suppress this message.
3. To allow any property add 'NO_ERRORS_SCHEMA' to the '@NgModule.schemas' of this component.'
,Chrome 115.0.0.0 (Windows 10) ERROR: 'NG0303: Can't bind to 'nivel' since it isn't a known property of 'app-fallas-card' (used in the 'FallasVistaComponent' component template).
1. If 'app-fallas-card' is an Angular component and it has the 'nivel' input, then verify that it is a part of an @NgModule where this component is declared.
2. If 'app-fallas-card' is a Web Component then add 'CUSTOM_ELEMENTS_SCHEMA' to the '@NgModule.schemas' of this component to suppress this message.
3. To allow any property add 'NO_ERRORS_SCHEMA' to the '@NgModule.schemas' of this component.'
,Chrome 115.0.0.0 (Windows 10) ERROR: 'NG0303: Can't bind to 'nivel' since it isn't a known property of 'app-fallas-card' (used in the 'FallasVistaComponent' component template).
1. If 'app-fallas-card' is an Angular component and it has the 'nivel' input, then verify that it is a part of an @NgModule where this component is declared.
2. If 'app-fallas-card' is a Web Component then add 'CUSTOM_ELEMENTS_SCHEMA' to the '@NgModule.schemas' of this component to suppress this message.
3. To allow any property add 'NO_ERRORS_SCHEMA' to the '@NgModule.schemas' of this component.'
,Chrome 115.0.0.0 (Windows 10) ERROR: 'NG0303: Can't bind to 'nivel' since it isn't a known property of 'app-fallas-card' (used in the 'FallasVistaComponent' component template).
1. If 'app-fallas-card' is an Angular component and it has the 'nivel' input, then verify that it is a part of an @NgModule where this component is declared.
2. If 'app-fallas-card' is a Web Component then add 'CUSTOM_ELEMENTS_SCHEMA' to the '@NgModule.schemas' of this component to suppress this message.
3. To allow any property add 'NO_ERRORS_SCHEMA' to the '@NgModule.schemas' of this component.'
,Chrome 115.0.0.0 (Windows 10) ERROR: 'NG0303: Can't bind to 'nivel' since it isn't a known property of 'app-fallas-card' (used in the 'FallasVistaComponent' component template).
1. If 'app-fallas-card' is an Angular component and it has the 'nivel' input, then verify that it is a part of an @NgModule where this component is declared.
2. If 'app-fallas-card' is a Web Component then add 'CUSTOM_ELEMENTS_SCHEMA' to the '@NgModule.schemas' of this component to suppress this message.
3. To allow any property add 'NO_ERRORS_SCHEMA' to the '@NgModule.schemas' of this component.'
,Chrome 115.0.0.0 (Windows 10) ERROR: 'NG0303: Can't bind to 'nivel' since it isn't a known property of 'app-fallas-card' (used in the 'FallasVistaComponent' component template).
1. If 'app-fallas-card' is an Angular component and it has the 'nivel' input, then verify that it is a part of an @NgModule where this component is declared.
2. If 'app-fallas-card' is a Web Component then add 'CUSTOM_ELEMENTS_SCHEMA' to the '@NgModule.schemas' of this component to suppress this message.
3. To allow any property add 'NO_ERRORS_SCHEMA' to the '@NgModule.schemas' of this component.'
,Chrome 115.0.0.0 (Windows 10) ERROR: 'NG0303: Can't bind to 'nivel' since it isn't a known property of 'app-fallas-card' (used in the 'FallasVistaComponent' component template).
1. If 'app-fallas-card' is an Angular component and it has the 'nivel' input, then verify that it is a part of an @NgModule where this component is declared.
2. If 'app-fallas-card' is a Web Component then add 'CUSTOM_ELEMENTS_SCHEMA' to the '@NgModule.schemas' of this component to suppress this message.
3. To allow any property add 'NO_ERRORS_SCHEMA' to the '@NgModule.schemas' of this component.'
,Chrome 115.0.0.0 (Windows 10) ERROR: 'NG0303: Can't bind to 'nivel' since it isn't a known property of 'app-fallas-card' (used in the 'FallasVistaComponent' component template).
1. If 'app-fallas-card' is an Angular component and it has the 'nivel' input, then verify that it is a part of an @NgModule where this component is declared.
2. If 'app-fallas-card' is a Web Component then add 'CUSTOM_ELEMENTS_SCHEMA' to the '@NgModule.schemas' of this component to suppress this message.
3. To allow any property add 'NO_ERRORS_SCHEMA' to the '@NgModule.schemas' of this component.'
,Chrome 115.0.0.0 (Windows 10) ERROR: 'NG0303: Can't bind to 'nivel' since it isn't a known property of 'app-fallas-card' (used in the 'FallasVistaComponent' component template).
1. If 'app-fallas-card' is an Angular component and it has the 'nivel' input, then verify that it is a part of an @NgModule where this component is declared.
2. If 'app-fallas-card' is a Web Component then add 'CUSTOM_ELEMENTS_SCHEMA' to the '@NgModule.schemas' of this component to suppress this message.
3. To allow any property add 'NO_ERRORS_SCHEMA' to the '@NgModule.schemas' of this component.'
,Chrome 115.0.0.0 (Windows 10) ERROR: 'NG0303: Can't bind to 'nivel' since it isn't a known property of 'app-fallas-card' (used in the 'FallasVistaComponent' component template).
1. If 'app-fallas-card' is an Angular component and it has the 'nivel' input, then verify that it is a part of an @NgModule where this component is declared.
2. If 'app-fallas-card' is a Web Component then add 'CUSTOM_ELEMENTS_SCHEMA' to the '@NgModule.schemas' of this component to suppress this message.
3. To allow any property add 'NO_ERRORS_SCHEMA' to the '@NgModule.schemas' of this component.'
,Chrome 115.0.0.0 (Windows 10) ERROR: 'NG0303: Can't bind to 'nivel' since it isn't a known property of 'app-fallas-card' (used in the 'FallasVistaComponent' component template).
1. If 'app-fallas-card' is an Angular component and it has the 'nivel' input, then verify that it is a part of an @NgModule where this component is declared.
2. If 'app-fallas-card' is a Web Component then add 'CUSTOM_ELEMENTS_SCHEMA' to the '@NgModule.schemas' of this component to suppress this message.
3. To allow any property add 'NO_ERRORS_SCHEMA' to the '@NgModule.schemas' of this component.'
,Chrome 115.0.0.0 (Windows 10) ERROR: 'NG0303: Can't bind to 'nivel' since it isn't a known property of 'app-fallas-card' (used in the 'FallasVistaComponent' component template).
1. If 'app-fallas-card' is an Angular component and it has the 'nivel' input, then verify that it is a part of an @NgModule where this component is declared.
2. If 'app-fallas-card' is a Web Component then add 'CUSTOM_ELEMENTS_SCHEMA' to the '@NgModule.schemas' of this component to suppress this message.
3. To allow any property add 'NO_ERRORS_SCHEMA' to the '@NgModule.schemas' of this component.'
,Chrome 115.0.0.0 (Windows 10) ERROR: 'NG0304: 'app-fallas-card' is not a known element (used in the 'FallasVistaComponent' component template):
1. If 'app-fallas-card' is an Angular component, then verify that it is a part of an @NgModule where this component is declared.
2. If 'app-fallas-card' is a Web Component then add 'CUSTOM_ELEMENTS_SCHEMA' to the '@NgModule.schemas' of this component to suppress this message.'
,Chrome 115.0.0.0 (Windows 10) ERROR: 'NG0303: Can't bind to 'nivel' since it isn't a known property of 'app-fallas-card' (used in the 'FallasVistaComponent' component template).
1. If 'app-fallas-card' is an Angular component and it has the 'nivel' input, then verify that it is a part of an @NgModule where this component is declared.
2. If 'app-fallas-card' is a Web Component then add 'CUSTOM_ELEMENTS_SCHEMA' to the '@NgModule.schemas' of this component to suppress this message.
3. To allow any property add 'NO_ERRORS_SCHEMA' to the '@NgModule.schemas' of this component.'
,Chrome 115.0.0.0 (Windows 10) ERROR: 'NG0303: Can't bind to 'nivel' since it isn't a known property of 'app-fallas-card' (used in the 'FallasVistaComponent' component template).
1. If 'app-fallas-card' is an Angular component and it has the 'nivel' input, then verify that it is a part of an @NgModule where this component is declared.
2. If 'app-fallas-card' is a Web Component then add 'CUSTOM_ELEMENTS_SCHEMA' to the '@NgModule.schemas' of this component to suppress this message.
3. To allow any property add 'NO_ERRORS_SCHEMA' to the '@NgModule.schemas' of this component.'
,Chrome 115.0.0.0 (Windows 10) ERROR: 'NG0303: Can't bind to 'nivel' since it isn't a known property of 'app-fallas-card' (used in the 'FallasVistaComponent' component template).
1. If 'app-fallas-card' is an Angular component and it has the 'nivel' input, then verify that it is a part of an @NgModule where this component is declared.
2. If 'app-fallas-card' is a Web Component then add 'CUSTOM_ELEMENTS_SCHEMA' to the '@NgModule.schemas' of this component to suppress this message.
3. To allow any property add 'NO_ERRORS_SCHEMA' to the '@NgModule.schemas' of this component.'
,Chrome 115.0.0.0 (Windows 10) ERROR: 'NG0303: Can't bind to 'nivel' since it isn't a known property of 'app-fallas-card' (used in the 'FallasVistaComponent' component template).
1. If 'app-fallas-card' is an Angular component and it has the 'nivel' input, then verify that it is a part of an @NgModule where this component is declared.
2. If 'app-fallas-card' is a Web Component then add 'CUSTOM_ELEMENTS_SCHEMA' to the '@NgModule.schemas' of this component to suppress this message.
3. To allow any property add 'NO_ERRORS_SCHEMA' to the '@NgModule.schemas' of this component.'
,Chrome 115.0.0.0 (Windows 10) ERROR: 'NG0303: Can't bind to 'nivel' since it isn't a known property of 'app-fallas-card' (used in the 'FallasVistaComponent' component template).
1. If 'app-fallas-card' is an Angular component and it has the 'nivel' input, then verify that it is a part of an @NgModule where this component is declared.
2. If 'app-fallas-card' is a Web Component then add 'CUSTOM_ELEMENTS_SCHEMA' to the '@NgModule.schemas' of this component to suppress this message.
3. To allow any property add 'NO_ERRORS_SCHEMA' to the '@NgModule.schemas' of this component.'
,Chrome 115.0.0.0 (Windows 10) ERROR: 'NG0303: Can't bind to 'nivel' since it isn't a known property of 'app-fallas-card' (used in the 'FallasVistaComponent' component template).
1. If 'app-fallas-card' is an Angular component and it has the 'nivel' input, then verify that it is a part of an @NgModule where this component is declared.
2. If 'app-fallas-card' is a Web Component then add 'CUSTOM_ELEMENTS_SCHEMA' to the '@NgModule.schemas' of this component to suppress this message.
3. To allow any property add 'NO_ERRORS_SCHEMA' to the '@NgModule.schemas' of this component.'
,Chrome 115.0.0.0 (Windows 10) ERROR: 'NG0303: Can't bind to 'nivel' since it isn't a known property of 'app-fallas-card' (used in the 'FallasVistaComponent' component template).
1. If 'app-fallas-card' is an Angular component and it has the 'nivel' input, then verify that it is a part of an @NgModule where this component is declared.
2. If 'app-fallas-card' is a Web Component then add 'CUSTOM_ELEMENTS_SCHEMA' to the '@NgModule.schemas' of this component to suppress this message.
3. To allow any property add 'NO_ERRORS_SCHEMA' to the '@NgModule.schemas' of this component.'
,Chrome 115.0.0.0 (Windows 10) ERROR: 'NG0303: Can't bind to 'nivel' since it isn't a known property of 'app-fallas-card' (used in the 'FallasVistaComponent' component template).
1. If 'app-fallas-card' is an Angular component and it has the 'nivel' input, then verify that it is a part of an @NgModule where this component is declared.
2. If 'app-fallas-card' is a Web Component then add 'CUSTOM_ELEMENTS_SCHEMA' to the '@NgModule.schemas' of this component to suppress this message.
3. To allow any property add 'NO_ERRORS_SCHEMA' to the '@NgModule.schemas' of this component.'
,Chrome 115.0.0.0 (Windows 10) ERROR: 'NG0303: Can't bind to 'nivel' since it isn't a known property of 'app-fallas-card' (used in the 'FallasVistaComponent' component template).
1. If 'app-fallas-card' is an Angular component and it has the 'nivel' input, then verify that it is a part of an @NgModule where this component is declared.
2. If 'app-fallas-card' is a Web Component then add 'CUSTOM_ELEMENTS_SCHEMA' to the '@NgModule.schemas' of this component to suppress this message.
3. To allow any property add 'NO_ERRORS_SCHEMA' to the '@NgModule.schemas' of this component.'
,Chrome 115.0.0.0 (Windows 10) ERROR: 'NG0303: Can't bind to 'nivel' since it isn't a known property of 'app-fallas-card' (used in the 'FallasVistaComponent' component template).
1. If 'app-fallas-card' is an Angular component and it has the 'nivel' input, then verify that it is a part of an @NgModule where this component is declared.
2. If 'app-fallas-card' is a Web Component then add 'CUSTOM_ELEMENTS_SCHEMA' to the '@NgModule.schemas' of this component to suppress this message.
3. To allow any property add 'NO_ERRORS_SCHEMA' to the '@NgModule.schemas' of this component.'
,Chrome 115.0.0.0 (Windows 10) ERROR: 'NG0303: Can't bind to 'nivel' since it isn't a known property of 'app-fallas-card' (used in the 'FallasVistaComponent' component template).
1. If 'app-fallas-card' is an Angular component and it has the 'nivel' input, then verify that it is a part of an @NgModule where this component is declared.
2. If 'app-fallas-card' is a Web Component then add 'CUSTOM_ELEMENTS_SCHEMA' to the '@NgModule.schemas' of this component to suppress this message.
3. To allow any property add 'NO_ERRORS_SCHEMA' to the '@NgModule.schemas' of this component.'
,Chrome 115.0.0.0 (Windows 10) ERROR: 'NG0303: Can't bind to 'nivel' since it isn't a known property of 'app-fallas-card' (used in the 'FallasVistaComponent' component template).
1. If 'app-fallas-card' is an Angular component and it has the 'nivel' input, then verify that it is a part of an @NgModule where this component is declared.
2. If 'app-fallas-card' is a Web Component then add 'CUSTOM_ELEMENTS_SCHEMA' to the '@NgModule.schemas' of this component to suppress this message.
3. To allow any property add 'NO_ERRORS_SCHEMA' to the '@NgModule.schemas' of this component.'
,Chrome 115.0.0.0 (Windows 10) ERROR: 'NG0304: 'app-barra-superior' is not a known element (used in the 'TipoBebidaComponent' component template):
1. If 'app-barra-superior' is an Angular component, then verify that it is a part of an @NgModule where this component is declared.
2. If 'app-barra-superior' is a Web Component then add 'CUSTOM_ELEMENTS_SCHEMA' to the '@NgModule.schemas' of this component to suppress this message.'
,Chrome 115.0.0.0 (Windows 10) LOG: ''
,Chrome 115.0.0.0 (Windows 10) ERROR: 'NG0304: 'app-barra-superior' is not a known element (used in the 'TipoBebidaComponent' component template):
1. If 'app-barra-superior' is an Angular component, then verify that it is a part of an @NgModule where this component is declared.
2. If 'app-barra-superior' is a Web Component then add 'CUSTOM_ELEMENTS_SCHEMA' to the '@NgModule.schemas' of this component to suppress this message.'
,Chrome 115.0.0.0 (Windows 10) LOG: ''

]]>
  </system-out>
  <system-err/>
</testsuite>